        -:    0:Source:dominion.c
        -:    0:Graph:dominion.gcno
        -:    0:Data:dominion.gcda
        -:    0:Runs:8
        -:    0:Programs:8
        -:    1:#include "dominion.h"
        -:    2:#include "dominion_helpers.h"
        -:    3:#include "rngs.h"
        -:    4:#include <stdio.h>
        -:    5:#include <math.h>
        -:    6:#include <stdlib.h>
        -:    7:
     1029:    8:int compare(const void* a, const void* b) {
     1029:    9:  if (*(int*)a > *(int*)b)
      146:   10:    return 1;
      883:   11:  if (*(int*)a < *(int*)b)
      261:   12:    return -1;
      622:   13:  return 0;
        -:   14:}
        -:   15:
       18:   16:struct gameState* newGame() {
       18:   17:  struct gameState* g = malloc(sizeof(struct gameState));
       18:   18:  return g;
        -:   19:}
        -:   20:
    #####:   21:int* kingdomCards(int k1, int k2, int k3, int k4, int k5, int k6, int k7,
        -:   22:		  int k8, int k9, int k10) {
    #####:   23:  int* k = malloc(10 * sizeof(int));
    #####:   24:  k[0] = k1;
    #####:   25:  k[1] = k2;
    #####:   26:  k[2] = k3;
    #####:   27:  k[3] = k4;
    #####:   28:  k[4] = k5;
    #####:   29:  k[5] = k6;
    #####:   30:  k[6] = k7;
    #####:   31:  k[7] = k8;
    #####:   32:  k[8] = k9;
    #####:   33:  k[9] = k10;
    #####:   34:  return k;
        -:   35:}
        -:   36:
       27:   37:int initializeGame(int numPlayers, int kingdomCards[10], int randomSeed,
        -:   38:		   struct gameState *state) {
        -:   39:
        -:   40:  int i;
        -:   41:  int j;
        -:   42:  int it;			
        -:   43:  //set up random number generator
       27:   44:  SelectStream(1);
       27:   45:  PutSeed((long)randomSeed);
        -:   46:  
        -:   47:  //check number of players
       27:   48:  if (numPlayers > MAX_PLAYERS || numPlayers < 2)
        -:   49:    {
        8:   50:      return -1;
        -:   51:    }
        -:   52:
        -:   53:  //set number of players
       19:   54:  state->numPlayers = numPlayers;
        -:   55:
        -:   56:  //check selected kingdom cards are different
      149:   57:  for (i = 0; i < 10; i++)
        -:   58:    {
     1442:   59:      for (j = 0; j < 10; j++)
        -:   60:        {
     1312:   61:	  if (j != i && kingdomCards[j] == kingdomCards[i])
        -:   62:	    {
        6:   63:	      return -1;
        -:   64:	    }
        -:   65:        }
        -:   66:    }
        -:   67:
        -:   68:
        -:   69:  //initialize supply
        -:   70:  ///////////////////////////////
        -:   71:
        -:   72:  //set number of Curse cards
       13:   73:  if (numPlayers == 2)
        -:   74:    {
        4:   75:      state->supplyCount[curse] = 10;
        -:   76:    }
        9:   77:  else if (numPlayers == 3)
        -:   78:    {
        2:   79:      state->supplyCount[curse] = 20;
        -:   80:    }
        -:   81:  else
        -:   82:    {
        7:   83:      state->supplyCount[curse] = 30;
        -:   84:    }
        -:   85:
        -:   86:  //set number of Victory cards
       13:   87:  if (numPlayers == 2)
        -:   88:    {
        4:   89:      state->supplyCount[estate] = 8;
        4:   90:      state->supplyCount[duchy] = 8;
        4:   91:      state->supplyCount[province] = 8;
        -:   92:    }
        -:   93:  else
        -:   94:    {
        9:   95:      state->supplyCount[estate] = 12;
        9:   96:      state->supplyCount[duchy] = 12;
        9:   97:      state->supplyCount[province] = 12;
        -:   98:    }
        -:   99:
        -:  100:  //set number of Treasure cards
       13:  101:  state->supplyCount[copper] = 60 - (7 * numPlayers);
       13:  102:  state->supplyCount[silver] = 40;
       13:  103:  state->supplyCount[gold] = 30;
        -:  104:
        -:  105:  //set number of Kingdom cards
      273:  106:  for (i = adventurer; i <= treasure_map; i++)       	//loop all cards
        -:  107:    {
     2145:  108:      for (j = 0; j < 10; j++)           		//loop chosen cards
        -:  109:	{
     2015:  110:	  if (kingdomCards[j] == i)
        -:  111:	    {
        -:  112:	      //check if card is a 'Victory' Kingdom card
      130:  113:	      if (kingdomCards[j] == great_hall || kingdomCards[j] == gardens)
        -:  114:		{
       52:  115:		  if (numPlayers == 2){ 
        8:  116:		    state->supplyCount[i] = 8; 
        -:  117:		  }
       18:  118:		  else{ state->supplyCount[i] = 12; }
        -:  119:		}
        -:  120:	      else
        -:  121:		{
      104:  122:		  state->supplyCount[i] = 10;
        -:  123:		}
      130:  124:	      break;
        -:  125:	    }
        -:  126:	  else    //card is not in the set choosen for the game
        -:  127:	    {
     1885:  128:	      state->supplyCount[i] = -1;
        -:  129:	    }
        -:  130:	}
        -:  131:
        -:  132:    }
        -:  133:
        -:  134:  ////////////////////////
        -:  135:  //supply intilization complete
        -:  136:
        -:  137:  //set player decks
       55:  138:  for (i = 0; i < numPlayers; i++)
        -:  139:    {
       42:  140:      state->deckCount[i] = 0;
      168:  141:      for (j = 0; j < 3; j++)
        -:  142:	{
      126:  143:	  state->deck[i][j] = estate;
      126:  144:	  state->deckCount[i]++;
        -:  145:	}
      336:  146:      for (j = 3; j < 10; j++)
        -:  147:	{
      294:  148:	  state->deck[i][j] = copper;
      294:  149:	  state->deckCount[i]++;		
        -:  150:	}
        -:  151:    }
        -:  152:
        -:  153:  //shuffle player decks
       55:  154:  for (i = 0; i < numPlayers; i++)
        -:  155:    {
       42:  156:      if ( shuffle(i, state) < 0 )
        -:  157:	{
    #####:  158:	  return -1;
        -:  159:	}
        -:  160:    }
        -:  161:
        -:  162:  //draw player hands
       55:  163:  for (i = 0; i < numPlayers; i++)
        -:  164:    {  
        -:  165:      //initialize hand size to zero
       42:  166:      state->handCount[i] = 0;
       42:  167:      state->discardCount[i] = 0;
        -:  168:      //draw 5 cards
        -:  169:      // for (j = 0; j < 5; j++)
        -:  170:      //	{
        -:  171:      //	  drawCard(i, state);
        -:  172:      //	}
        -:  173:    }
        -:  174:  
        -:  175:  //set embargo tokens to 0 for all supply piles
      364:  176:  for (i = 0; i <= treasure_map; i++)
        -:  177:    {
      351:  178:      state->embargoTokens[i] = 0;
        -:  179:    }
        -:  180:
        -:  181:  //initialize first player's turn
       13:  182:  state->outpostPlayed = 0;
       13:  183:  state->phase = 0;
       13:  184:  state->numActions = 1;
       13:  185:  state->numBuys = 1;
       13:  186:  state->playedCardCount = 0;
       13:  187:  state->whoseTurn = 0;
       13:  188:  state->handCount[state->whoseTurn] = 0;
        -:  189:  //int it; move to top
        -:  190:
        -:  191:  //Moved draw cards to here, only drawing at the start of a turn
       78:  192:  for (it = 0; it < 5; it++){
       65:  193:    drawCard(state->whoseTurn, state);
        -:  194:  }
        -:  195:
       13:  196:  updateCoins(state->whoseTurn, state, 0);
        -:  197:
       13:  198:  return 0;
        -:  199:}
        -:  200:
      104:  201:int shuffle(int player, struct gameState *state) {
        -:  202: 
        -:  203:
        -:  204:  int newDeck[MAX_DECK];
      104:  205:  int newDeckPos = 0;
        -:  206:  int card;
        -:  207:  int i;
        -:  208:
      104:  209:  if (state->deckCount[player] < 1)
       12:  210:    return -1;
       92:  211:  qsort ((void*)(state->deck[player]), state->deckCount[player], sizeof(int), compare); 
        -:  212:  /* SORT CARDS IN DECK TO ENSURE DETERMINISM! */
        -:  213:
      939:  214:  while (state->deckCount[player] > 0) {
      755:  215:    card = floor(Random() * state->deckCount[player]);
      755:  216:    newDeck[newDeckPos] = state->deck[player][card];
      755:  217:    newDeckPos++;
     2288:  218:    for (i = card; i < state->deckCount[player]-1; i++) {
     1533:  219:      state->deck[player][i] = state->deck[player][i+1];
        -:  220:    }
      755:  221:    state->deckCount[player]--;
        -:  222:  }
      847:  223:  for (i = 0; i < newDeckPos; i++) {
      755:  224:    state->deck[player][i] = newDeck[i];
      755:  225:    state->deckCount[player]++;
        -:  226:  }
        -:  227:
       92:  228:  return 0;
        -:  229:}
        -:  230:
    #####:  231:int playCard(int handPos, int choice1, int choice2, int choice3, struct gameState *state) 
        -:  232:{	
        -:  233:  int card;
    #####:  234:  int coin_bonus = 0; 		//tracks coins gain from actions
        -:  235:
        -:  236:  //check if it is the right phase
    #####:  237:  if (state->phase != 0)
        -:  238:    {
    #####:  239:      return -1;
        -:  240:    }
        -:  241:	
        -:  242:  //check if player has enough actions
    #####:  243:  if ( state->numActions < 1 )
        -:  244:    {
    #####:  245:      return -1;
        -:  246:    }
        -:  247:	
        -:  248:  //get card played
    #####:  249:  card = handCard(handPos, state);
        -:  250:	
        -:  251:  //check if selected card is an action
    #####:  252:  if ( card < adventurer || card > treasure_map )
        -:  253:    {
    #####:  254:      return -1;
        -:  255:    }
        -:  256:	
        -:  257:  //play card
    #####:  258:  if ( cardEffect(card, choice1, choice2, choice3, state, handPos, &coin_bonus) < 0 )
        -:  259:    {
    #####:  260:      return -1;
        -:  261:    }
        -:  262:	
        -:  263:  //reduce number of actions
    #####:  264:  state->numActions--;
        -:  265:
        -:  266:  //update coins (Treasure cards may be added with card draws)
    #####:  267:  updateCoins(state->whoseTurn, state, coin_bonus);
        -:  268:	
    #####:  269:  return 0;
        -:  270:}
        -:  271:
      247:  272:int buyCard(int supplyPos, struct gameState *state) {
        -:  273:  int who;
        -:  274:  if (DEBUG){
        -:  275:    printf("Entering buyCard...\n");
        -:  276:  }
        -:  277:
        -:  278:  // I don't know what to do about the phase thing.
        -:  279:
      247:  280:  who = state->whoseTurn;
        -:  281:
      247:  282:  if (state->numBuys < 1){
        -:  283:    if (DEBUG)
        -:  284:      printf("You do not have any buys left\n");
        3:  285:    return -1;
      244:  286:  } else if (supplyCount(supplyPos, state) <1){
        -:  287:    if (DEBUG)
        -:  288:      printf("There are not any of that type of card left\n");
       50:  289:    return -1;
      194:  290:  } else if (state->coins < getCost(supplyPos)){
        -:  291:    if (DEBUG) 
        -:  292:      printf("You do not have enough money to buy that. You have %d coins.\n", state->coins);
        8:  293:    return -1;
        -:  294:  } else {
      186:  295:    state->phase=1;
        -:  296:    //state->supplyCount[supplyPos]--;
      186:  297:    gainCard(supplyPos, state, 0, who); //card goes in discard, this might be wrong.. (2 means goes into hand, 0 goes into discard)
        -:  298:  
      186:  299:    state->coins = (state->coins) - (getCost(supplyPos));
      186:  300:    state->numBuys--;
        -:  301:    if (DEBUG)
        -:  302:      printf("You bought card number %d for %d coins. You now have %d buys and %d coins.\n", supplyPos, getCost(supplyPos), state->numBuys, state->coins);
        -:  303:  }
        -:  304:
        -:  305:  //state->discard[who][state->discardCount[who]] = supplyPos;
        -:  306:  //state->discardCount[who]++;
        -:  307:    
      186:  308:  return 0;
        -:  309:}
        -:  310:
       88:  311:int numHandCards(struct gameState *state) {
       88:  312:  return state->handCount[ whoseTurn(state) ];
        -:  313:}
        -:  314:
    #####:  315:int handCard(int handPos, struct gameState *state) {
    #####:  316:  int currentPlayer = whoseTurn(state);
    #####:  317:  return state->hand[currentPlayer][handPos];
        -:  318:}
        -:  319:
      697:  320:int supplyCount(int card, struct gameState *state) {
      697:  321:  return state->supplyCount[card];
        -:  322:}
        -:  323:
    #####:  324:int fullDeckCount(int player, int card, struct gameState *state) {
        -:  325:  int i;
    #####:  326:  int count = 0;
        -:  327:
    #####:  328:  for (i = 0; i < state->deckCount[player]; i++)
        -:  329:    {
    #####:  330:      if (state->deck[player][i] == card) count++;
        -:  331:    }
        -:  332:
    #####:  333:  for (i = 0; i < state->handCount[player]; i++)
        -:  334:    {
    #####:  335:      if (state->hand[player][i] == card) count++;
        -:  336:    }
        -:  337:
    #####:  338:  for (i = 0; i < state->discardCount[player]; i++)
        -:  339:    {
    #####:  340:      if (state->discard[player][i] == card) count++;
        -:  341:    }
        -:  342:
    #####:  343:  return count;
        -:  344:}
        -:  345:
    35991:  346:int whoseTurn(struct gameState *state) {
    35991:  347:  return state->whoseTurn;
        -:  348:}
        -:  349:
       75:  350:int endTurn(struct gameState *state) {
        -:  351:  int k;
        -:  352:  int i;
       75:  353:  int currentPlayer = whoseTurn(state);
        -:  354:  
        -:  355:  //Discard hand
      502:  356:  for (i = 0; i < state->handCount[currentPlayer]; i++){
      427:  357:    state->discard[currentPlayer][state->discardCount[currentPlayer]++] = state->hand[currentPlayer][i];//Discard
      427:  358:    state->hand[currentPlayer][i] = -1;//Set card to -1
        -:  359:  }
       75:  360:  state->handCount[currentPlayer] = 0;//Reset hand count
        -:  361:    
        -:  362:  //Code for determining the player
       75:  363:  if (currentPlayer < (state->numPlayers - 1)){ 
       55:  364:    state->whoseTurn = currentPlayer + 1;//Still safe to increment
        -:  365:  }
        -:  366:  else{
       20:  367:    state->whoseTurn = 0;//Max player has been reached, loop back around to player 1
        -:  368:  }
        -:  369:
       75:  370:  state->outpostPlayed = 0;
       75:  371:  state->phase = 0;
       75:  372:  state->numActions = 1;
       75:  373:  state->coins = 0;
       75:  374:  state->numBuys = 1;
       75:  375:  state->playedCardCount = 0;
       75:  376:  state->handCount[state->whoseTurn] = 0;
        -:  377:
        -:  378:  //int k; move to top
        -:  379:  //Next player draws hand
      450:  380:  for (k = 0; k < 5; k++){
      375:  381:    drawCard(state->whoseTurn, state);//Draw a card
        -:  382:  }
        -:  383:
        -:  384:  //Update money
       75:  385:  updateCoins(state->whoseTurn, state , 0);
        -:  386:
       75:  387:  return 0;
        -:  388:}
        -:  389:
    #####:  390:int isGameOver(struct gameState *state) {
        -:  391:  int i;
        -:  392:  int j;
        -:  393:	
        -:  394:  //if stack of Province cards is empty, the game ends
    #####:  395:  if (state->supplyCount[province] == 0)
        -:  396:    {
    #####:  397:      return 1;
        -:  398:    }
        -:  399:
        -:  400:  //if three supply pile are at 0, the game ends
    #####:  401:  j = 0;
    #####:  402:  for (i = 0; i < 25; i++)
        -:  403:    {
    #####:  404:      if (state->supplyCount[i] == 0)
        -:  405:	{
    #####:  406:	  j++;
        -:  407:	}
        -:  408:    }
    #####:  409:  if ( j >= 3)
        -:  410:    {
    #####:  411:      return 1;
        -:  412:    }
        -:  413:
    #####:  414:  return 0;
        -:  415:}
        -:  416:
    #####:  417:int scoreFor (int player, struct gameState *state) {
        -:  418:
        -:  419:  int i;
    #####:  420:  int score = 0;
        -:  421:  //score from hand
    #####:  422:  for (i = 0; i < state->handCount[player]; i++)
        -:  423:    {
    #####:  424:      if (state->hand[player][i] == curse) { score = score - 1; };
    #####:  425:      if (state->hand[player][i] == estate) { score = score + 1; };
    #####:  426:      if (state->hand[player][i] == duchy) { score = score + 3; };
    #####:  427:      if (state->hand[player][i] == province) { score = score + 6; };
    #####:  428:      if (state->hand[player][i] == great_hall) { score = score + 1; };
    #####:  429:      if (state->hand[player][i] == gardens) { score = score + ( fullDeckCount(player, 0, state) / 10 ); };
        -:  430:    }
        -:  431:
        -:  432:  //score from discard
    #####:  433:  for (i = 0; i < state->discardCount[player]; i++)
        -:  434:    {
    #####:  435:      if (state->discard[player][i] == curse) { score = score - 1; };
    #####:  436:      if (state->discard[player][i] == estate) { score = score + 1; };
    #####:  437:      if (state->discard[player][i] == duchy) { score = score + 3; };
    #####:  438:      if (state->discard[player][i] == province) { score = score + 6; };
    #####:  439:      if (state->discard[player][i] == great_hall) { score = score + 1; };
    #####:  440:      if (state->discard[player][i] == gardens) { score = score + ( fullDeckCount(player, 0, state) / 10 ); };
        -:  441:    }
        -:  442:
        -:  443:  //score from deck
    #####:  444:  for (i = 0; i < state->discardCount[player]; i++)
        -:  445:    {
    #####:  446:      if (state->deck[player][i] == curse) { score = score - 1; };
    #####:  447:      if (state->deck[player][i] == estate) { score = score + 1; };
    #####:  448:      if (state->deck[player][i] == duchy) { score = score + 3; };
    #####:  449:      if (state->deck[player][i] == province) { score = score + 6; };
    #####:  450:      if (state->deck[player][i] == great_hall) { score = score + 1; };
    #####:  451:      if (state->deck[player][i] == gardens) { score = score + ( fullDeckCount(player, 0, state) / 10 ); };
        -:  452:    }
        -:  453:
    #####:  454:  return score;
        -:  455:}
        -:  456:
    #####:  457:int getWinners(int players[MAX_PLAYERS], struct gameState *state) {
        -:  458:  int i;	
        -:  459:  int j;
        -:  460:  int highScore;
        -:  461:  int currentPlayer;
        -:  462:
        -:  463:  //get score for each player
    #####:  464:  for (i = 0; i < MAX_PLAYERS; i++)
        -:  465:    {
        -:  466:      //set unused player scores to -9999
    #####:  467:      if (i >= state->numPlayers)
        -:  468:	{
    #####:  469:	  players[i] = -9999;
        -:  470:	}
        -:  471:      else
        -:  472:	{
    #####:  473:	  players[i] = scoreFor (i, state);
        -:  474:	}
        -:  475:    }
        -:  476:
        -:  477:  //find highest score
    #####:  478:  j = 0;
    #####:  479:  for (i = 0; i < MAX_PLAYERS; i++)
        -:  480:    {
    #####:  481:      if (players[i] > players[j])
        -:  482:	{
    #####:  483:	  j = i;
        -:  484:	}
        -:  485:    }
    #####:  486:  highScore = players[j];
        -:  487:
        -:  488:  //add 1 to players who had less turns
    #####:  489:  currentPlayer = whoseTurn(state);
    #####:  490:  for (i = 0; i < MAX_PLAYERS; i++)
        -:  491:    {
    #####:  492:      if ( players[i] == highScore && i > currentPlayer )
        -:  493:	{
    #####:  494:	  players[i]++;
        -:  495:	}
        -:  496:    }
        -:  497:
        -:  498:  //find new highest score
    #####:  499:  j = 0;
    #####:  500:  for (i = 0; i < MAX_PLAYERS; i++)
        -:  501:    {
    #####:  502:      if ( players[i] > players[j] )
        -:  503:	{
    #####:  504:	  j = i;
        -:  505:	}
        -:  506:    }
    #####:  507:  highScore = players[j];
        -:  508:
        -:  509:  //set winners in array to 1 and rest to 0
    #####:  510:  for (i = 0; i < MAX_PLAYERS; i++)
        -:  511:    {
    #####:  512:      if ( players[i] == highScore )
        -:  513:	{
    #####:  514:	  players[i] = 1;
        -:  515:	}
        -:  516:      else
        -:  517:	{
    #####:  518:	  players[i] = 0;
        -:  519:	}
        -:  520:    }
        -:  521:
    #####:  522:  return 0;
        -:  523:}
        -:  524:
      555:  525:int drawCard(int player, struct gameState *state)
        -:  526:{	int count;
        -:  527:  int deckCounter;
      555:  528:  if (state->deckCount[player] <= 0){//Deck is empty
        -:  529:    
        -:  530:    //Step 1 Shuffle the discard pile back into a deck
        -:  531:    int i;
        -:  532:    //Move discard to deck
      397:  533:    for (i = 0; i < state->discardCount[player];i++){
      335:  534:      state->deck[player][i] = state->discard[player][i];
      335:  535:      state->discard[player][i] = -1;
        -:  536:    }
        -:  537:
       62:  538:    state->deckCount[player] = state->discardCount[player];
       62:  539:    state->discardCount[player] = 0;//Reset discard
        -:  540:
        -:  541:    //Shufffle the deck
       62:  542:    shuffle(player, state);//Shuffle the deck up and make it so that we can draw
        -:  543:   
        -:  544:    if (DEBUG){//Debug statements
        -:  545:      printf("Deck count now: %d\n", state->deckCount[player]);
        -:  546:    }
        -:  547:    
       62:  548:    state->discardCount[player] = 0;
        -:  549:
        -:  550:    //Step 2 Draw Card
       62:  551:    count = state->handCount[player];//Get current player's hand count
        -:  552:    
        -:  553:    if (DEBUG){//Debug statements
        -:  554:      printf("Current hand count: %d\n", count);
        -:  555:    }
        -:  556:    
       62:  557:    deckCounter = state->deckCount[player];//Create a holder for the deck count
        -:  558:
       62:  559:    if (deckCounter == 0)
       12:  560:      return -1;
        -:  561:
       50:  562:    state->hand[player][count] = state->deck[player][deckCounter - 1];//Add card to hand
       50:  563:    state->deckCount[player]--;
       50:  564:    state->handCount[player]++;//Increment hand count
        -:  565:  }
        -:  566:
        -:  567:  else{
      493:  568:    int count = state->handCount[player];//Get current hand count for player
        -:  569:    int deckCounter;
        -:  570:    if (DEBUG){//Debug statements
        -:  571:      printf("Current hand count: %d\n", count);
        -:  572:    }
        -:  573:
      493:  574:    deckCounter = state->deckCount[player];//Create holder for the deck count
      493:  575:    state->hand[player][count] = state->deck[player][deckCounter - 1];//Add card to the hand
      493:  576:    state->deckCount[player]--;
      493:  577:    state->handCount[player]++;//Increment hand count
        -:  578:  }
        -:  579:
      543:  580:  return 0;
        -:  581:}
        -:  582:
      407:  583:int getCost(int cardNumber)
        -:  584:{
      407:  585:  switch( cardNumber ) 
        -:  586:    {
        -:  587:    case curse:
       23:  588:      return 0;
        -:  589:    case estate:
       19:  590:      return 2;
        -:  591:    case duchy:
       17:  592:      return 5;
        -:  593:    case province:
       18:  594:      return 8;
        -:  595:    case copper:
       95:  596:      return 0;
        -:  597:    case silver:
       83:  598:      return 3;
        -:  599:    case gold:
       61:  600:      return 6;
        -:  601:    case adventurer:
       22:  602:      return 6;
        -:  603:    case council_room:
       22:  604:      return 5;
        -:  605:    case feast:
       23:  606:      return 4;
        -:  607:    case gardens:
        1:  608:      return 4;
        -:  609:    case mine:
        2:  610:      return 5;
        -:  611:    case remodel:
        2:  612:      return 4;
        -:  613:    case smithy:
        2:  614:      return 4;
        -:  615:    case village:
        3:  616:      return 3;
        -:  617:    case baron:
        2:  618:      return 4;
        -:  619:    case great_hall:
        2:  620:      return 3;
        -:  621:    case minion:
        1:  622:      return 5;
        -:  623:    case steward:
        1:  624:      return 3;
        -:  625:    case tribute:
        1:  626:      return 5;
        -:  627:    case ambassador:
        1:  628:      return 3;
        -:  629:    case cutpurse:
        1:  630:      return 4;
        -:  631:    case embargo: 
        1:  632:      return 2;
        -:  633:    case outpost:
        1:  634:      return 5;
        -:  635:    case salvager:
        1:  636:      return 4;
        -:  637:    case sea_hag:
        1:  638:      return 4;
        -:  639:    case treasure_map:
        1:  640:      return 4;
        -:  641:    }
        -:  642:	
    #####:  643:  return -1;
        -:  644:}
        -:  645:
        -:  646://refactored functions (we want these cards to work even if they are called outside of cardEffect())
       10:  647:int smithyFunction(struct gameState*state, int handPos)
        -:  648:{
       10:  649:	int currentPlayer = whoseTurn(state);
        -:  650:	int i;
       40:  651:	for (i = 0; i < 3; i++)
        -:  652:	 	{
       30:  653:			  drawCard(currentPlayer, state);
        -:  654:	  	}
        -:  655:	 			
        -:  656:	 //discard card from hand
       10:  657:	 discardCard(handPos, currentPlayer, state, 0);
       10:  658:	       return 0;
        -:  659:
        -:  660:}
        -:  661:
        6:  662:int adventurerFunction(struct gameState*state)
        -:  663:{
        6:  664:	 int drawntreasure=0;
        6:  665:	 int currentPlayer = whoseTurn(state);
        -:  666:	 int temphand[MAX_HAND];// moved above the if statement
        -:  667:	 int cardDrawn;
        6:  668:	 int z=0;
       26:  669:	 while(drawntreasure<2)
        -:  670:	 {
       14:  671:	  	if (state->deckCount[currentPlayer] <1)
        -:  672:		{           //if the deck is empty we need to shuffle discard and add to deck
    #####:  673:	 	  shuffle(currentPlayer, state);
        -:  674:		} 
       14:  675:		drawCard(currentPlayer, state);
       14:  676:		cardDrawn = state->hand[currentPlayer][state->handCount[currentPlayer]-1];//top card of hand is most recently drawn card.
       14:  677:		if (cardDrawn == copper || cardDrawn == silver || cardDrawn == gold)
       12:  678:				  drawntreasure++;
        -:  679:		else
        -:  680:			{
        2:  681:			  temphand[z]=cardDrawn;
        2:  682:		  	  state->handCount[currentPlayer]--; //this should just remove the top card (the most recently drawn one).
        2:  683:		  	  z++;
        -:  684:		 	}
        -:  685:	  }
       14:  686:         while(z-1>=0)
        -:  687:	 {
        2:  688:	 	state->discard[currentPlayer][state->discardCount[currentPlayer]++]=temphand[z-1]; // discard all cards in play that have been drawn
        2:  689:		z=z-1;
        -:  690:         }
        6:  691:	 return 0;
        -:  692:}
        -:  693:
        6:  694:int villageFunction(struct gameState*state, int handPos)
        -:  695:{
        6:  696:	int currentPlayer = whoseTurn(state);
        -:  697:	//+1 Card
        6:  698:	drawCard(currentPlayer, state);
        -:  699:	//+2 Actions
        6:  700:	state->numActions = state->numActions + 2;
        -:  701:	//discard played card from hand
        6:  702:        discardCard(handPos, currentPlayer, state, 0);
        6:  703:        return 0;
        -:  704:}
        -:  705:
        6:  706:int greatHallFunction(struct gameState*state, int handPos)
        -:  707:{
        6:  708:	int currentPlayer = whoseTurn(state);
        -:  709:	//+1 Card
        6:  710:	drawCard(currentPlayer, state);
        -:  711:	//+1 Actions
        6:  712:	state->numActions++;
        -:  713:	//discard card from hand
        6:  714:	discardCard(handPos, currentPlayer, state, 0);
        6:  715:	return 0;
        -:  716:}
        -:  717:
       28:  718:int cardEffect(int card, int choice1, int choice2, int choice3, struct gameState *state, int handPos, int *bonus)
        -:  719:{
        -:  720:  int i;
        -:  721:  int j;
        -:  722:  int k;
        -:  723:  int x;
        -:  724:  int index;
       28:  725:  int currentPlayer = whoseTurn(state);
       28:  726:  int nextPlayer = currentPlayer + 1;
        -:  727:
       28:  728:  int tributeRevealedCards[2] = {-1, -1};
        -:  729:  int temphand[MAX_HAND];// moved above the if statement
       28:  730:  int drawntreasure=0;
        -:  731:  int cardDrawn;
       28:  732:  int z = 0;// this is the counter for the temp hand
       28:  733:  if (nextPlayer > (state->numPlayers - 1)){
    #####:  734:    nextPlayer = 0;
        -:  735:  }
        -:  736:  
        -:  737:	
        -:  738:  //uses switch to select card and perform actions
       28:  739:  switch( card ) 
        -:  740:    {
        -:  741:    case adventurer:
       29:  742:      while(drawntreasure<2){
       17:  743:	if (state->deckCount[currentPlayer] <1){//if the deck is empty we need to shuffle discard and add to deck
    #####:  744:	  shuffle(currentPlayer, state);
        -:  745:	}
       17:  746:	drawCard(currentPlayer, state);
       17:  747:	cardDrawn = state->hand[currentPlayer][state->handCount[currentPlayer]-1];//top card of hand is most recently drawn card.
       17:  748:	if (cardDrawn == copper || cardDrawn == silver || cardDrawn == gold)
       12:  749:	  drawntreasure++;
        -:  750:	else{
        5:  751:	  temphand[z]=cardDrawn;
        5:  752:	  state->handCount[currentPlayer]--; //this should just remove the top card (the most recently drawn one).
        5:  753:	  z++;
        -:  754:	}
        -:  755:      }
       17:  756:      while(z-1>=0){
        5:  757:	state->discard[currentPlayer][state->discardCount[currentPlayer]++]=temphand[z-1]; // discard all cards in play that have been drawn
        5:  758:	z=z-1;
        -:  759:      }
        6:  760:      return 0;
        -:  761:			
        -:  762:    case council_room:
        -:  763:      //+4 Cards
    #####:  764:      for (i = 0; i < 4; i++)
        -:  765:	{
    #####:  766:	  drawCard(currentPlayer, state);
        -:  767:	}
        -:  768:			
        -:  769:      //+1 Buy
    #####:  770:      state->numBuys++;
        -:  771:			
        -:  772:      //Each other player draws a card
    #####:  773:      for (i = 0; i < state->numPlayers; i++)
        -:  774:	{
    #####:  775:	  if ( i != currentPlayer )
        -:  776:	    {
    #####:  777:	      drawCard(i, state);
        -:  778:	    }
        -:  779:	}
        -:  780:			
        -:  781:      //put played card in played card pile
    #####:  782:      discardCard(handPos, currentPlayer, state, 0);
        -:  783:			
    #####:  784:      return 0;
        -:  785:			
        -:  786:    case feast:
        -:  787:      //gain card with cost up to 5
        -:  788:      //Backup hand
    #####:  789:      for (i = 0; i <= state->handCount[currentPlayer]; i++){
    #####:  790:	temphand[i] = state->hand[currentPlayer][i];//Backup card
    #####:  791:	state->hand[currentPlayer][i] = -1;//Set to nothing
        -:  792:      }
        -:  793:      //Backup hand
        -:  794:
        -:  795:      //Update Coins for Buy
    #####:  796:      updateCoins(currentPlayer, state, 5);
    #####:  797:      x = 1;//Condition to loop on
    #####:  798:      while( x == 1) {//Buy one card
    #####:  799:	if (supplyCount(choice1, state) <= 0){
        -:  800:	  if (DEBUG)
        -:  801:	    printf("None of that card left, sorry!\n");
        -:  802:
        -:  803:	  if (DEBUG){
        -:  804:	    printf("Cards Left: %d\n", supplyCount(choice1, state));
        -:  805:	  }
        -:  806:	}
    #####:  807:	else if (state->coins < getCost(choice1)){
    #####:  808:	  printf("That card is too expensive!\n");
        -:  809:
        -:  810:	  if (DEBUG){
        -:  811:	    printf("Coins: %d < %d\n", state->coins, getCost(choice1));
        -:  812:	  }
        -:  813:	}
        -:  814:	else{
        -:  815:
        -:  816:	  if (DEBUG){
        -:  817:	    printf("Deck Count: %d\n", state->handCount[currentPlayer] + state->deckCount[currentPlayer] + state->discardCount[currentPlayer]);
        -:  818:	  }
        -:  819:
    #####:  820:	  gainCard(choice1, state, 0, currentPlayer);//Gain the card
    #####:  821:	  x = 0;//No more buying cards
        -:  822:
        -:  823:	  if (DEBUG){
        -:  824:	    printf("Deck Count: %d\n", state->handCount[currentPlayer] + state->deckCount[currentPlayer] + state->discardCount[currentPlayer]);
        -:  825:	  }
        -:  826:
        -:  827:	}
        -:  828:      }     
        -:  829:
        -:  830:      //Reset Hand
    #####:  831:      for (i = 0; i <= state->handCount[currentPlayer]; i++){
    #####:  832:	state->hand[currentPlayer][i] = temphand[i];
    #####:  833:	temphand[i] = -1;
        -:  834:      }
        -:  835:      //Reset Hand
        -:  836:      			
    #####:  837:      return 0;
        -:  838:			
        -:  839:    case gardens:
    #####:  840:      return -1;
        -:  841:			
        -:  842:    case mine:
    #####:  843:      j = state->hand[currentPlayer][choice1];  //store card we will trash
        -:  844:
    #####:  845:      if (state->hand[currentPlayer][choice1] < copper || state->hand[currentPlayer][choice1] > gold)
        -:  846:	{
    #####:  847:	  return -1;
        -:  848:	}
        -:  849:		
    #####:  850:      if (choice2 > treasure_map || choice2 < curse)
        -:  851:	{
    #####:  852:	  return -1;
        -:  853:	}
        -:  854:
    #####:  855:      if ( (getCost(state->hand[currentPlayer][choice1]) + 3) > getCost(choice2) )
        -:  856:	{
    #####:  857:	  return -1;
        -:  858:	}
        -:  859:
    #####:  860:      gainCard(choice2, state, 2, currentPlayer);
        -:  861:
        -:  862:      //discard card from hand
    #####:  863:      discardCard(handPos, currentPlayer, state, 0);
        -:  864:
        -:  865:      //discard trashed card
    #####:  866:      for (i = 0; i < state->handCount[currentPlayer]; i++)
        -:  867:	{
    #####:  868:	  if (state->hand[currentPlayer][i] == j)
        -:  869:	    {
    #####:  870:	      discardCard(i, currentPlayer, state, 0);			
    #####:  871:	      break;
        -:  872:	    }
        -:  873:	}
        -:  874:			
    #####:  875:      return 0;
        -:  876:			
        -:  877:    case remodel:
    #####:  878:      j = state->hand[currentPlayer][choice1];  //store card we will trash
        -:  879:
    #####:  880:      if ( (getCost(state->hand[currentPlayer][choice1]) + 2) > getCost(choice2) )
        -:  881:	{
    #####:  882:	  return -1;
        -:  883:	}
        -:  884:
    #####:  885:      gainCard(choice2, state, 0, currentPlayer);
        -:  886:
        -:  887:      //discard card from hand
    #####:  888:      discardCard(handPos, currentPlayer, state, 0);
        -:  889:
        -:  890:      //discard trashed card
    #####:  891:      for (i = 0; i < state->handCount[currentPlayer]; i++)
        -:  892:	{
    #####:  893:	  if (state->hand[currentPlayer][i] == j)
        -:  894:	    {
    #####:  895:	      discardCard(i, currentPlayer, state, 0);			
    #####:  896:	      break;
        -:  897:	    }
        -:  898:	}
        -:  899:
        -:  900:
    #####:  901:      return 0;
        -:  902:		
        -:  903:    case smithy:
        -:  904:      //+3 Cards
       40:  905:      for (i = 0; i < 3; i++)
        -:  906:	{
       30:  907:	  drawCard(currentPlayer, state);
        -:  908:	}
        -:  909:			
        -:  910:      //discard card from hand
       10:  911:      discardCard(handPos, currentPlayer, state, 0);
       10:  912:      return 0;
        -:  913:		
        -:  914:    case village:
        -:  915:      //+1 Card
        6:  916:      drawCard(currentPlayer, state);
        -:  917:			
        -:  918:      //+2 Actions
        6:  919:      state->numActions = state->numActions + 2;
        -:  920:			
        -:  921:      //discard played card from hand
        6:  922:      discardCard(handPos, currentPlayer, state, 0);
        6:  923:      return 0;
        -:  924:		
        -:  925:    case baron:
    #####:  926:      state->numBuys++;//Increase buys by 1!
    #####:  927:      if (choice1 > 0){//Boolean true or going to discard an estate
    #####:  928:	int p = 0;//Iterator for hand!
    #####:  929:	int card_not_discarded = 1;//Flag for discard set!
    #####:  930:	while(card_not_discarded){
    #####:  931:	  if (state->hand[currentPlayer][p] == estate){//Found an estate card!
    #####:  932:	    state->coins += 4;//Add 4 coins to the amount of coins
    #####:  933:	    state->discard[currentPlayer][state->discardCount[currentPlayer]] = state->hand[currentPlayer][p];
    #####:  934:	    state->discardCount[currentPlayer]++;
    #####:  935:	    for (;p < state->handCount[currentPlayer]; p++){
    #####:  936:	      state->hand[currentPlayer][p] = state->hand[currentPlayer][p+1];
        -:  937:	    }
    #####:  938:	    state->hand[currentPlayer][state->handCount[currentPlayer]] = -1;
    #####:  939:	    state->handCount[currentPlayer]--;
    #####:  940:	    card_not_discarded = 0;//Exit the loop
        -:  941:	  }
    #####:  942:	  else if (p > state->handCount[currentPlayer]){
        -:  943:	    if(DEBUG) {
        -:  944:	      printf("No estate cards in your hand, invalid choice\n");
        -:  945:	      printf("Must gain an estate if there are any\n");
        -:  946:	    }
    #####:  947:	    if (supplyCount(estate, state) > 0){
    #####:  948:	      gainCard(estate, state, 0, currentPlayer);
    #####:  949:	      state->supplyCount[estate]--;//Decrement estates
    #####:  950:	      if (supplyCount(estate, state) == 0){
    #####:  951:		isGameOver(state);
        -:  952:	      }
        -:  953:	    }
    #####:  954:	    card_not_discarded = 0;//Exit the loop
        -:  955:	  }
        -:  956:			    
        -:  957:	  else{
    #####:  958:	    p++;//Next card
        -:  959:	  }
        -:  960:	}
        -:  961:      }
        -:  962:			    
        -:  963:      else{
    #####:  964:	if (supplyCount(estate, state) > 0){
    #####:  965:	  gainCard(estate, state, 0, currentPlayer);//Gain an estate
    #####:  966:	  state->supplyCount[estate]--;//Decrement Estates
    #####:  967:	  if (supplyCount(estate, state) == 0){
    #####:  968:	    isGameOver(state);
        -:  969:	  }
        -:  970:	}
        -:  971:      }
        -:  972:	    
        -:  973:      
    #####:  974:      return 0;
        -:  975:		
        -:  976:    case great_hall:
        -:  977:      //+1 Card
        6:  978:      drawCard(currentPlayer, state);
        -:  979:			
        -:  980:      //+1 Actions
        6:  981:      state->numActions++;
        -:  982:			
        -:  983:      //discard card from hand
        6:  984:      discardCard(handPos, currentPlayer, state, 0);
        6:  985:      return 0;
        -:  986:		
        -:  987:    case minion:
        -:  988:      //+1 action
    #####:  989:      state->numActions++;
        -:  990:			
        -:  991:      //discard card from hand
    #####:  992:      discardCard(handPos, currentPlayer, state, 0);
        -:  993:			
    #####:  994:      if (choice1)		//+2 coins
        -:  995:	{
    #####:  996:	  state->coins = state->coins + 2;
        -:  997:	}
        -:  998:			
    #####:  999:      else if (choice2)		//discard hand, redraw 4, other players with 5+ cards discard hand and draw 4
        -: 1000:	{
        -: 1001:	  //discard hand
    #####: 1002:	  while(numHandCards(state) > 0)
        -: 1003:	    {
    #####: 1004:	      discardCard(handPos, currentPlayer, state, 0);
        -: 1005:	    }
        -: 1006:				
        -: 1007:	  //draw 4
    #####: 1008:	  for (i = 0; i < 4; i++)
        -: 1009:	    {
    #####: 1010:	      drawCard(currentPlayer, state);
        -: 1011:	    }
        -: 1012:				
        -: 1013:	  //other players discard hand and redraw if hand size > 4
    #####: 1014:	  for (i = 0; i < state->numPlayers; i++)
        -: 1015:	    {
    #####: 1016:	      if (i != currentPlayer)
        -: 1017:		{
    #####: 1018:		  if ( state->handCount[i] > 4 )
        -: 1019:		    {
        -: 1020:		      //discard hand
    #####: 1021:		      while( state->handCount[i] > 0 )
        -: 1022:			{
    #####: 1023:			  discardCard(handPos, i, state, 0);
        -: 1024:			}
        -: 1025:							
        -: 1026:		      //draw 4
    #####: 1027:		      for (j = 0; j < 4; j++)
        -: 1028:			{
    #####: 1029:			  drawCard(i, state);
        -: 1030:			}
        -: 1031:		    }
        -: 1032:		}
        -: 1033:	    }
        -: 1034:				
        -: 1035:	}
    #####: 1036:      return 0;
        -: 1037:		
        -: 1038:    case steward:
    #####: 1039:      if (choice1 == 1)
        -: 1040:	{
        -: 1041:	  //+2 cards
    #####: 1042:	  drawCard(currentPlayer, state);
    #####: 1043:	  drawCard(currentPlayer, state);
        -: 1044:	}
    #####: 1045:      else if (choice1 == 2)
        -: 1046:	{
        -: 1047:	  //+2 coins
    #####: 1048:	  state->coins = state->coins + 2;
        -: 1049:	}
        -: 1050:      else
        -: 1051:	{
        -: 1052:	  //trash 2 cards in hand
    #####: 1053:	  discardCard(choice2, currentPlayer, state, 1);
    #####: 1054:	  discardCard(choice3, currentPlayer, state, 1);
        -: 1055:	}
        -: 1056:			
        -: 1057:      //discard card from hand
    #####: 1058:      discardCard(handPos, currentPlayer, state, 0);
    #####: 1059:      return 0;
        -: 1060:		
        -: 1061:    case tribute:
    #####: 1062:      if ((state->discardCount[nextPlayer] + state->deckCount[nextPlayer]) <= 1){
    #####: 1063:	if (state->deckCount[nextPlayer] > 0){
    #####: 1064:	  tributeRevealedCards[0] = state->deck[nextPlayer][state->deckCount[nextPlayer]-1];
    #####: 1065:	  state->deckCount[nextPlayer]--;
        -: 1066:	}
    #####: 1067:	else if (state->discardCount[nextPlayer] > 0){
    #####: 1068:	  tributeRevealedCards[0] = state->discard[nextPlayer][state->discardCount[nextPlayer]-1];
    #####: 1069:	  state->discardCount[nextPlayer]--;
        -: 1070:	}
        -: 1071:	else{
        -: 1072:	  //No Card to Reveal
        -: 1073:	  if (DEBUG){
        -: 1074:	    printf("No cards to reveal\n");
        -: 1075:	  }
        -: 1076:	}
        -: 1077:      }
        -: 1078:	    
        -: 1079:      else{
    #####: 1080:	if (state->deckCount[nextPlayer] == 0){
    #####: 1081:	  for (i = 0; i < state->discardCount[nextPlayer]; i++){
    #####: 1082:	    state->deck[nextPlayer][i] = state->discard[nextPlayer][i];//Move to deck
    #####: 1083:	    state->deckCount[nextPlayer]++;
    #####: 1084:	    state->discard[nextPlayer][i] = -1;
    #####: 1085:	    state->discardCount[nextPlayer]--;
        -: 1086:	  }
        -: 1087:			    
    #####: 1088:	  shuffle(nextPlayer,state);//Shuffle the deck
        -: 1089:	} 
    #####: 1090:	tributeRevealedCards[0] = state->deck[nextPlayer][state->deckCount[nextPlayer]-1];
    #####: 1091:	state->deck[nextPlayer][state->deckCount[nextPlayer]--] = -1;
    #####: 1092:	state->deckCount[nextPlayer]--;
    #####: 1093:	tributeRevealedCards[1] = state->deck[nextPlayer][state->deckCount[nextPlayer]-1];
    #####: 1094:	state->deck[nextPlayer][state->deckCount[nextPlayer]--] = -1;
    #####: 1095:	state->deckCount[nextPlayer]--;
        -: 1096:      }    
        -: 1097:		       
    #####: 1098:      if (tributeRevealedCards[0] == tributeRevealedCards[1]){//If we have a duplicate card, just drop one 
    #####: 1099:	state->playedCards[state->playedCardCount] = tributeRevealedCards[1];
    #####: 1100:	state->playedCardCount++;
    #####: 1101:	tributeRevealedCards[1] = -1;
        -: 1102:      }
        -: 1103:
    #####: 1104:      for (i = 0; i <= 2; i ++){
    #####: 1105:	if (tributeRevealedCards[i] == copper || tributeRevealedCards[i] == silver || tributeRevealedCards[i] == gold){//Treasure cards
    #####: 1106:	  state->coins += 2;
        -: 1107:	}
        -: 1108:		    
    #####: 1109:	else if (tributeRevealedCards[i] == estate || tributeRevealedCards[i] == duchy || tributeRevealedCards[i] == province || tributeRevealedCards[i] == gardens || tributeRevealedCards[i] == great_hall){//Victory Card Found
    #####: 1110:	  drawCard(currentPlayer, state);
    #####: 1111:	  drawCard(currentPlayer, state);
        -: 1112:	}
        -: 1113:	else{//Action Card
    #####: 1114:	  state->numActions = state->numActions + 2;
        -: 1115:	}
        -: 1116:      }
        -: 1117:	    
    #####: 1118:      return 0;
        -: 1119:		
        -: 1120:    case ambassador:
    #####: 1121:      j = 0;		//used to check if player has enough cards to discard
        -: 1122:
    #####: 1123:      if (choice2 > 2 || choice2 < 0)
        -: 1124:	{
    #####: 1125:	  return -1;				
        -: 1126:	}
        -: 1127:
    #####: 1128:      if (choice1 == handPos)
        -: 1129:	{
    #####: 1130:	  return -1;
        -: 1131:	}
        -: 1132:
    #####: 1133:      for (i = 0; i < state->handCount[currentPlayer]; i++)
        -: 1134:	{
    #####: 1135:	  if (i != handPos && i == state->hand[currentPlayer][choice1] && i != choice1)
        -: 1136:	    {
    #####: 1137:	      j++;
        -: 1138:	    }
        -: 1139:	}
    #####: 1140:      if (j < choice2)
        -: 1141:	{
    #####: 1142:	  return -1;				
        -: 1143:	}
        -: 1144:
        -: 1145:      if (DEBUG) 
        -: 1146:	printf("Player %d reveals card number: %d\n", currentPlayer, state->hand[currentPlayer][choice1]);
        -: 1147:
        -: 1148:      //increase supply count for choosen card by amount being discarded
    #####: 1149:      state->supplyCount[state->hand[currentPlayer][choice1]] += choice2;
        -: 1150:			
        -: 1151:      //each other player gains a copy of revealed card
    #####: 1152:      for (i = 0; i < state->numPlayers; i++)
        -: 1153:	{
    #####: 1154:	  if (i != currentPlayer)
        -: 1155:	    {
    #####: 1156:	      gainCard(state->hand[currentPlayer][choice1], state, 0, i);
        -: 1157:	    }
        -: 1158:	}
        -: 1159:
        -: 1160:      //discard played card from hand
    #####: 1161:      discardCard(handPos, currentPlayer, state, 0);			
        -: 1162:
        -: 1163:      //trash copies of cards returned to supply
    #####: 1164:      for (j = 0; j < choice2; j++)
        -: 1165:	{
    #####: 1166:	  for (i = 0; i < state->handCount[currentPlayer]; i++)
        -: 1167:	    {
    #####: 1168:	      if (state->hand[currentPlayer][i] == state->hand[currentPlayer][choice1])
        -: 1169:		{
    #####: 1170:		  discardCard(i, currentPlayer, state, 1);
    #####: 1171:		  break;
        -: 1172:		}
        -: 1173:	    }
        -: 1174:	}			
        -: 1175:
    #####: 1176:      return 0;
        -: 1177:		
        -: 1178:    case cutpurse:
        -: 1179:
    #####: 1180:      updateCoins(currentPlayer, state, 2);
    #####: 1181:      for (i = 0; i < state->numPlayers; i++)
        -: 1182:	{
    #####: 1183:	  if (i != currentPlayer)
        -: 1184:	    {
    #####: 1185:	      for (j = 0; j < state->handCount[i]; j++)
        -: 1186:		{
    #####: 1187:		  if (state->hand[i][j] == copper)
        -: 1188:		    {
    #####: 1189:		      discardCard(j, i, state, 0);
    #####: 1190:		      break;
        -: 1191:		    }
    #####: 1192:		  if (j == state->handCount[i])
        -: 1193:		    {
    #####: 1194:		      for (k = 0; k < state->handCount[i]; k++)
        -: 1195:			{
        -: 1196:			  if (DEBUG)
        -: 1197:			    printf("Player %d reveals card number %d\n", i, state->hand[i][k]);
        -: 1198:			}	
    #####: 1199:		      break;
        -: 1200:		    }		
        -: 1201:		}
        -: 1202:					
        -: 1203:	    }
        -: 1204:				
        -: 1205:	}				
        -: 1206:
        -: 1207:      //discard played card from hand
    #####: 1208:      discardCard(handPos, currentPlayer, state, 0);			
        -: 1209:
    #####: 1210:      return 0;
        -: 1211:
        -: 1212:		
        -: 1213:    case embargo: 
        -: 1214:      //+2 Coins
    #####: 1215:      state->coins = state->coins + 2;
        -: 1216:			
        -: 1217:      //see if selected pile is in play
    #####: 1218:      if ( state->supplyCount[choice1] == -1 )
        -: 1219:	{
    #####: 1220:	  return -1;
        -: 1221:	}
        -: 1222:			
        -: 1223:      //add embargo token to selected supply pile
    #####: 1224:      state->embargoTokens[choice1]++;
        -: 1225:			
        -: 1226:      //trash card
    #####: 1227:      discardCard(handPos, currentPlayer, state, 1);		
    #####: 1228:      return 0;
        -: 1229:		
        -: 1230:    case outpost:
        -: 1231:      //set outpost flag
    #####: 1232:      state->outpostPlayed++;
        -: 1233:			
        -: 1234:      //discard card
    #####: 1235:      discardCard(handPos, currentPlayer, state, 0);
    #####: 1236:      return 0;
        -: 1237:		
        -: 1238:    case salvager:
        -: 1239:      //+1 buy
    #####: 1240:      state->numBuys++;
        -: 1241:			
    #####: 1242:      if (choice1)
        -: 1243:	{
        -: 1244:	  //gain coins equal to trashed card
    #####: 1245:	  state->coins = state->coins + getCost( handCard(choice1, state) );
        -: 1246:	  //trash card
    #####: 1247:	  discardCard(choice1, currentPlayer, state, 1);	
        -: 1248:	}
        -: 1249:			
        -: 1250:      //discard card
    #####: 1251:      discardCard(handPos, currentPlayer, state, 0);
    #####: 1252:      return 0;
        -: 1253:		
        -: 1254:    case sea_hag:
    #####: 1255:      for (i = 0; i < state->numPlayers; i++){
    #####: 1256:	if (i != currentPlayer){
    #####: 1257:	  state->discard[i][state->discardCount[i]] = state->deck[i][state->deckCount[i]--];			    state->deckCount[i]--;
    #####: 1258:	  state->discardCount[i]++;
    #####: 1259:	  state->deck[i][state->deckCount[i]--] = curse;//Top card now a curse
        -: 1260:	}
        -: 1261:      }
    #####: 1262:      return 0;
        -: 1263:		
        -: 1264:    case treasure_map:
        -: 1265:      //search hand for another treasure_map
    #####: 1266:      index = -1;
    #####: 1267:      for (i = 0; i < state->handCount[currentPlayer]; i++)
        -: 1268:	{
    #####: 1269:	  if (state->hand[currentPlayer][i] == treasure_map && i != handPos)
        -: 1270:	    {
    #####: 1271:	      index = i;
    #####: 1272:	      break;
        -: 1273:	    }
        -: 1274:	}
    #####: 1275:      if (index > -1)
        -: 1276:	{
        -: 1277:	  //trash both treasure cards
    #####: 1278:	  discardCard(handPos, currentPlayer, state, 1);
    #####: 1279:	  discardCard(index, currentPlayer, state, 1);
        -: 1280:
        -: 1281:	  //gain 4 Gold cards
    #####: 1282:	  for (i = 0; i < 4; i++)
        -: 1283:	    {
    #####: 1284:	      gainCard(gold, state, 1, currentPlayer);
        -: 1285:	    }
        -: 1286:				
        -: 1287:	  //return success
    #####: 1288:	  return 1;
        -: 1289:	}
        -: 1290:			
        -: 1291:      //no second treasure_map found in hand
    #####: 1292:      return -1;
        -: 1293:    }
        -: 1294:	
    #####: 1295:  return -1;
        -: 1296:}
        -: 1297:
       44: 1298:int discardCard(int handPos, int currentPlayer, struct gameState *state, int trashFlag)
        -: 1299:{
        -: 1300:	
        -: 1301:  //if card is not trashed, added to Played pile 
       44: 1302:  if (trashFlag < 1)
        -: 1303:    {
        -: 1304:      //add card to played pile
       44: 1305:      state->playedCards[state->playedCardCount] = state->hand[currentPlayer][handPos]; 
       44: 1306:      state->playedCardCount++;
        -: 1307:    }
        -: 1308:	
        -: 1309:  //set played card to -1
       44: 1310:  state->hand[currentPlayer][handPos] = -1;
        -: 1311:	
        -: 1312:  //remove card from player's hand
       44: 1313:  if ( handPos == (state->handCount[currentPlayer] - 1) ) 	//last card in hand array is played
        -: 1314:    {
        -: 1315:      //reduce number of cards in hand
    #####: 1316:      state->handCount[currentPlayer]--;
        -: 1317:    }
       44: 1318:  else if ( state->handCount[currentPlayer] == 1 ) //only one card in hand
        -: 1319:    {
        -: 1320:      //reduce number of cards in hand
    #####: 1321:      state->handCount[currentPlayer]--;
        -: 1322:    }
        -: 1323:  else 	
        -: 1324:    {
        -: 1325:      //replace discarded card with last card in hand
       44: 1326:      state->hand[currentPlayer][handPos] = state->hand[currentPlayer][ (state->handCount[currentPlayer] - 1)];
        -: 1327:      //set last card to -1
       44: 1328:      state->hand[currentPlayer][state->handCount[currentPlayer] - 1] = -1;
        -: 1329:      //reduce number of cards in hand
       44: 1330:      state->handCount[currentPlayer]--;
        -: 1331:    }
        -: 1332:	
       44: 1333:  return 0;
        -: 1334:}
        -: 1335:
      186: 1336:int gainCard(int supplyPos, struct gameState *state, int toFlag, int player)
        -: 1337:{
        -: 1338:  //Note: supplyPos is enum of choosen card
        -: 1339:	
        -: 1340:  //check if supply pile is empty (0) or card is not used in game (-1)
      186: 1341:  if ( supplyCount(supplyPos, state) < 1 )
        -: 1342:    {
    #####: 1343:      return -1;
        -: 1344:    }
        -: 1345:	
        -: 1346:  //added card for [whoseTurn] current player:
        -: 1347:  // toFlag = 0 : add to discard
        -: 1348:  // toFlag = 1 : add to deck
        -: 1349:  // toFlag = 2 : add to hand
        -: 1350:
      186: 1351:  if (toFlag == 1)
        -: 1352:    {
    #####: 1353:      state->deck[ player ][ state->deckCount[player] ] = supplyPos;
    #####: 1354:      state->deckCount[player]++;
        -: 1355:    }
      186: 1356:  else if (toFlag == 2)
        -: 1357:    {
    #####: 1358:      state->hand[ player ][ state->handCount[player] ] = supplyPos;
    #####: 1359:      state->handCount[player]++;
        -: 1360:    }
        -: 1361:  else
        -: 1362:    {
      186: 1363:      state->discard[player][ state->discardCount[player] ] = supplyPos;
      186: 1364:      state->discardCount[player]++;
        -: 1365:    }
        -: 1366:	
        -: 1367:  //decrease number in supply pile
      186: 1368:  state->supplyCount[supplyPos]--;
        -: 1369:	 
      186: 1370:  return 0;
        -: 1371:}
        -: 1372:
       88: 1373:int updateCoins(int player, struct gameState *state, int bonus)
        -: 1374:{
        -: 1375:  int i;
        -: 1376:	
        -: 1377:  //reset coin count
       88: 1378:  state->coins = 0;
        -: 1379:
        -: 1380:  //add coins for each Treasure card in player's hand
      528: 1381:  for (i = 0; i < state->handCount[player]; i++)
        -: 1382:    {
      440: 1383:      if (state->hand[player][i] == copper)
        -: 1384:	{
      304: 1385:	  state->coins += 1;
        -: 1386:	}
      136: 1387:      else if (state->hand[player][i] == silver)
        -: 1388:	{
        1: 1389:	  state->coins += 2;
        -: 1390:	}
      135: 1391:      else if (state->hand[player][i] == gold)
        -: 1392:	{
    #####: 1393:	  state->coins += 3;
        -: 1394:	}	
        -: 1395:    }	
        -: 1396:
        -: 1397:  //add bonus
       88: 1398:  state->coins += bonus;
        -: 1399:
       88: 1400:  return 0;
        -: 1401:}
        -: 1402:
        -: 1403:
        -: 1404://end of dominion.c
        -: 1405:
